# JRE version: OpenJDK Runtime Environment (11.0.10) (build 11.0.10+0-b96-7249189)
# Java VM: OpenJDK 64-Bit Server VM (11.0.10+0-b96-7249189, mixed mode, tiered, compressed oops, g1 gc, windows-amd64)
Heap:
 garbage-first heap   total 129024K, used 71611K [0x00000000a0000000, 0x0000000100000000)
  region size 1024K, 15 young (15360K), 5 survivors (5120K)
 Metaspace       used 58036K, capacity 59583K, committed 59896K, reserved 1101824K
  class space    used 7345K, capacity 7875K, committed 8012K, reserved 1048576K
GC Heap History (20 events):
Event: 16.899 GC heap before
{Heap before GC invocations=4 (full 0):
 garbage-first heap   total 129024K, used 21353K [0x00000000a0000000, 0x0000000100000000)
  region size 1024K, 8 young (8192K), 3 survivors (3072K)
 Metaspace       used 20587K, capacity 21035K, committed 21248K, reserved 1069056K
  class space    used 2417K, capacity 2545K, committed 2560K, reserved 1048576K
}
Event: 16.904 GC heap after
{Heap after GC invocations=5 (full 0):
 garbage-first heap   total 129024K, used 16245K [0x00000000a0000000, 0x0000000100000000)
  region size 1024K, 3 young (3072K), 3 survivors (3072K)
 Metaspace       used 20587K, capacity 21035K, committed 21248K, reserved 1069056K
  class space    used 2417K, capacity 2545K, committed 2560K, reserved 1048576K
}
Event: 17.998 GC heap before
{Heap before GC invocations=6 (full 0):
 garbage-first heap   total 129024K, used 62325K [0x00000000a0000000, 0x0000000100000000)
  region size 1024K, 48 young (49152K), 3 survivors (3072K)
 Metaspace       used 25923K, capacity 26511K, committed 26624K, reserved 1073152K
  class space    used 3284K, capacity 3484K, committed 3584K, reserved 1048576K
}
Event: 18.005 GC heap after
{Heap after GC invocations=7 (full 0):
 garbage-first heap   total 129024K, used 18573K [0x00000000a0000000, 0x0000000100000000)
  region size 1024K, 6 young (6144K), 6 survivors (6144K)
 Metaspace       used 25923K, capacity 26511K, committed 26624K, reserved 1073152K
  class space    used 3284K, capacity 3484K, committed 3584K, reserved 1048576K
}
Event: 19.184 GC heap before
{Heap before GC invocations=7 (full 0):
 garbage-first heap   total 129024K, used 76941K [0x00000000a0000000, 0x0000000100000000)
  region size 1024K, 54 young (55296K), 6 survivors (6144K)
 Metaspace       used 31938K, capacity 32746K, committed 32896K, reserved 1077248K
  class space    used 4164K, capacity 4456K, committed 4480K, reserved 1048576K
}
Event: 19.193 GC heap after
{Heap after GC invocations=8 (full 0):
 garbage-first heap   total 129024K, used 33301K [0x00000000a0000000, 0x0000000100000000)
  region size 1024K, 7 young (7168K), 7 survivors (7168K)
 Metaspace       used 31938K, capacity 32746K, committed 32896K, reserved 1077248K
  class space    used 4164K, capacity 4456K, committed 4480K, reserved 1048576K
}
Event: 19.518 GC heap before
{Heap before GC invocations=8 (full 0):
 garbage-first heap   total 129024K, used 39445K [0x00000000a0000000, 0x0000000100000000)
  region size 1024K, 14 young (14336K), 7 survivors (7168K)
 Metaspace       used 34729K, capacity 35509K, committed 35628K, reserved 1081344K
  class space    used 4417K, capacity 4717K, committed 4736K, reserved 1048576K
}
Event: 19.527 GC heap after
{Heap after GC invocations=9 (full 0):
 garbage-first heap   total 129024K, used 34957K [0x00000000a0000000, 0x0000000100000000)
  region size 1024K, 2 young (2048K), 2 survivors (2048K)
 Metaspace       used 34729K, capacity 35509K, committed 35628K, reserved 1081344K
  class space    used 4417K, capacity 4717K, committed 4736K, reserved 1048576K
}
Event: 20.711 GC heap before
{Heap before GC invocations=10 (full 0):
 garbage-first heap   total 129024K, used 76941K [0x00000000a0000000, 0x0000000100000000)
  region size 1024K, 41 young (41984K), 2 survivors (2048K)
 Metaspace       used 39763K, capacity 40539K, committed 40568K, reserved 1085440K
  class space    used 5012K, capacity 5309K, committed 5324K, reserved 1048576K
}
Event: 20.724 GC heap after
{Heap after GC invocations=11 (full 0):
 garbage-first heap   total 129024K, used 36454K [0x00000000a0000000, 0x0000000100000000)
  region size 1024K, 4 young (4096K), 4 survivors (4096K)
 Metaspace       used 39763K, capacity 40539K, committed 40568K, reserved 1085440K
  class space    used 5012K, capacity 5309K, committed 5324K, reserved 1048576K
}
Event: 21.710 GC heap before
{Heap before GC invocations=12 (full 0):
 garbage-first heap   total 129024K, used 77414K [0x00000000a0000000, 0x0000000100000000)
  region size 1024K, 45 young (46080K), 4 survivors (4096K)
 Metaspace       used 42737K, capacity 43742K, committed 43896K, reserved 1087488K
  class space    used 5424K, capacity 5788K, committed 5836K, reserved 1048576K
}
Event: 21.723 GC heap after
{Heap after GC invocations=13 (full 0):
 garbage-first heap   total 129024K, used 40286K [0x00000000a0000000, 0x0000000100000000)
  region size 1024K, 6 young (6144K), 6 survivors (6144K)
 Metaspace       used 42737K, capacity 43742K, committed 43896K, reserved 1087488K
  class space    used 5424K, capacity 5788K, committed 5836K, reserved 1048576K
}
Event: 22.767 GC heap before
{Heap before GC invocations=13 (full 0):
 garbage-first heap   total 129024K, used 84318K [0x00000000a0000000, 0x0000000100000000)
  region size 1024K, 49 young (50176K), 6 survivors (6144K)
 Metaspace       used 45377K, capacity 46560K, committed 46712K, reserved 1089536K
  class space    used 5840K, capacity 6259K, committed 6348K, reserved 1048576K
}
Event: 22.781 GC heap after
{Heap after GC invocations=14 (full 0):
 garbage-first heap   total 129024K, used 43583K [0x00000000a0000000, 0x0000000100000000)
  region size 1024K, 4 young (4096K), 4 survivors (4096K)
 Metaspace       used 45377K, capacity 46560K, committed 46712K, reserved 1089536K
  class space    used 5840K, capacity 6259K, committed 6348K, reserved 1048576K
}
Event: 23.886 GC heap before
{Heap before GC invocations=14 (full 0):
 garbage-first heap   total 129024K, used 92735K [0x00000000a0000000, 0x0000000100000000)
  region size 1024K, 47 young (48128K), 4 survivors (4096K)
 Metaspace       used 47115K, capacity 48460K, committed 48760K, reserved 1091584K
  class space    used 6041K, capacity 6480K, committed 6604K, reserved 1048576K
}
Event: 23.896 GC heap after
{Heap after GC invocations=15 (full 0):
 garbage-first heap   total 129024K, used 57235K [0x00000000a0000000, 0x0000000100000000)
  region size 1024K, 6 young (6144K), 6 survivors (6144K)
 Metaspace       used 47115K, capacity 48460K, committed 48760K, reserved 1091584K
  class space    used 6041K, capacity 6480K, committed 6604K, reserved 1048576K
}
Event: 25.022 GC heap before
{Heap before GC invocations=15 (full 0):
 garbage-first heap   total 129024K, used 94099K [0x00000000a0000000, 0x0000000100000000)
  region size 1024K, 42 young (43008K), 6 survivors (6144K)
 Metaspace       used 53477K, capacity 54985K, committed 55160K, reserved 1097728K
  class space    used 6759K, capacity 7247K, committed 7372K, reserved 1048576K
}
Event: 25.029 GC heap after
{Heap after GC invocations=16 (full 0):
 garbage-first heap   total 129024K, used 59264K [0x00000000a0000000, 0x0000000100000000)
  region size 1024K, 2 young (2048K), 2 survivors (2048K)
 Metaspace       used 53477K, capacity 54985K, committed 55160K, reserved 1097728K
  class space    used 6759K, capacity 7247K, committed 7372K, reserved 1048576K
}
Event: 26.080 GC heap before
{Heap before GC invocations=16 (full 0):
 garbage-first heap   total 129024K, used 95104K [0x00000000a0000000, 0x0000000100000000)
  region size 1024K, 38 young (38912K), 2 survivors (2048K)
 Metaspace       used 57063K, capacity 58567K, committed 58744K, reserved 1099776K
  class space    used 7216K, capacity 7751K, committed 7884K, reserved 1048576K
}
Event: 26.087 GC heap after
{Heap after GC invocations=17 (full 0):
 garbage-first heap   total 129024K, used 62395K [0x00000000a0000000, 0x0000000100000000)
  region size 1024K, 5 young (5120K), 5 survivors (5120K)
 Metaspace       used 57063K, capacity 58567K, committed 58744K, reserved 1099776K
  class space    used 7216K, capacity 7751K, committed 7884K, reserved 1048576K
}

