# JRE version: OpenJDK Runtime Environment (11.0.10) (build 11.0.10+0-b96-7249189)
# Java VM: OpenJDK 64-Bit Server VM (11.0.10+0-b96-7249189, mixed mode, tiered, compressed oops, g1 gc, windows-amd64)
Heap:
 garbage-first heap   total 155648K, used 65265K [0x00000000a0000000, 0x0000000100000000)
  region size 1024K, 19 young (19456K), 9 survivors (9216K)
 Metaspace       used 48365K, capacity 49716K, committed 49872K, reserved 1093632K
  class space    used 6208K, capacity 6688K, committed 6784K, reserved 1048576K
GC Heap History (20 events):
Event: 0.471 GC heap before
{Heap before GC invocations=0 (full 0):
 garbage-first heap   total 129024K, used 19456K [0x00000000a0000000, 0x0000000100000000)
  region size 1024K, 14 young (14336K), 0 survivors (0K)
 Metaspace       used 7564K, capacity 7733K, committed 7936K, reserved 1056768K
  class space    used 704K, capacity 749K, committed 768K, reserved 1048576K
}
Event: 0.475 GC heap after
{Heap after GC invocations=1 (full 0):
 garbage-first heap   total 129024K, used 8005K [0x00000000a0000000, 0x0000000100000000)
  region size 1024K, 2 young (2048K), 2 survivors (2048K)
 Metaspace       used 7564K, capacity 7733K, committed 7936K, reserved 1056768K
  class space    used 704K, capacity 749K, committed 768K, reserved 1048576K
}
Event: 0.962 GC heap before
{Heap before GC invocations=1 (full 0):
 garbage-first heap   total 129024K, used 20293K [0x00000000a0000000, 0x0000000100000000)
  region size 1024K, 14 young (14336K), 2 survivors (2048K)
 Metaspace       used 10506K, capacity 10761K, committed 11008K, reserved 1058816K
  class space    used 1100K, capacity 1164K, committed 1280K, reserved 1048576K
}
Event: 0.965 GC heap after
{Heap after GC invocations=2 (full 0):
 garbage-first heap   total 129024K, used 8827K [0x00000000a0000000, 0x0000000100000000)
  region size 1024K, 1 young (1024K), 1 survivors (1024K)
 Metaspace       used 10506K, capacity 10761K, committed 11008K, reserved 1058816K
  class space    used 1100K, capacity 1164K, committed 1280K, reserved 1048576K
}
Event: 1.253 GC heap before
{Heap before GC invocations=2 (full 0):
 garbage-first heap   total 129024K, used 37499K [0x00000000a0000000, 0x0000000100000000)
  region size 1024K, 30 young (30720K), 1 survivors (1024K)
 Metaspace       used 10767K, capacity 11041K, committed 11264K, reserved 1058816K
  class space    used 1130K, capacity 1236K, committed 1280K, reserved 1048576K
}
Event: 1.256 GC heap after
{Heap after GC invocations=3 (full 0):
 garbage-first heap   total 129024K, used 13071K [0x00000000a0000000, 0x0000000100000000)
  region size 1024K, 4 young (4096K), 4 survivors (4096K)
 Metaspace       used 10767K, capacity 11041K, committed 11264K, reserved 1058816K
  class space    used 1130K, capacity 1236K, committed 1280K, reserved 1048576K
}
Event: 2.395 GC heap before
{Heap before GC invocations=3 (full 0):
 garbage-first heap   total 129024K, used 56079K [0x00000000a0000000, 0x0000000100000000)
  region size 1024K, 46 young (47104K), 4 survivors (4096K)
 Metaspace       used 19456K, capacity 19874K, committed 19968K, reserved 1067008K
  class space    used 2352K, capacity 2479K, committed 2560K, reserved 1048576K
}
Event: 2.405 GC heap after
{Heap after GC invocations=4 (full 0):
 garbage-first heap   total 129024K, used 15893K [0x00000000a0000000, 0x0000000100000000)
  region size 1024K, 3 young (3072K), 3 survivors (3072K)
 Metaspace       used 19456K, capacity 19874K, committed 19968K, reserved 1067008K
  class space    used 2352K, capacity 2479K, committed 2560K, reserved 1048576K
}
Event: 2.522 GC heap before
{Heap before GC invocations=4 (full 0):
 garbage-first heap   total 129024K, used 21013K [0x00000000a0000000, 0x0000000100000000)
  region size 1024K, 9 young (9216K), 3 survivors (3072K)
 Metaspace       used 20656K, capacity 21137K, committed 21296K, reserved 1069056K
  class space    used 2427K, capacity 2579K, committed 2688K, reserved 1048576K
}
Event: 2.526 GC heap after
{Heap after GC invocations=5 (full 0):
 garbage-first heap   total 129024K, used 16071K [0x00000000a0000000, 0x0000000100000000)
  region size 1024K, 4 young (4096K), 4 survivors (4096K)
 Metaspace       used 20656K, capacity 21137K, committed 21296K, reserved 1069056K
  class space    used 2427K, capacity 2579K, committed 2688K, reserved 1048576K
}
Event: 3.143 GC heap before
{Heap before GC invocations=6 (full 0):
 garbage-first heap   total 129024K, used 64199K [0x00000000a0000000, 0x0000000100000000)
  region size 1024K, 49 young (50176K), 4 survivors (4096K)
 Metaspace       used 25884K, capacity 26543K, committed 26800K, reserved 1073152K
  class space    used 3284K, capacity 3516K, committed 3584K, reserved 1048576K
}
Event: 3.150 GC heap after
{Heap after GC invocations=7 (full 0):
 garbage-first heap   total 129024K, used 20921K [0x00000000a0000000, 0x0000000100000000)
  region size 1024K, 6 young (6144K), 6 survivors (6144K)
 Metaspace       used 25884K, capacity 26543K, committed 26800K, reserved 1073152K
  class space    used 3284K, capacity 3516K, committed 3584K, reserved 1048576K
}
Event: 4.405 GC heap before
{Heap before GC invocations=7 (full 0):
 garbage-first heap   total 129024K, used 84409K [0x00000000a0000000, 0x0000000100000000)
  region size 1024K, 61 young (62464K), 6 survivors (6144K)
 Metaspace       used 35000K, capacity 35765K, committed 35920K, reserved 1081344K
  class space    used 4452K, capacity 4781K, committed 4864K, reserved 1048576K
}
Event: 4.416 GC heap after
{Heap after GC invocations=8 (full 0):
 garbage-first heap   total 129024K, used 34132K [0x00000000a0000000, 0x0000000100000000)
  region size 1024K, 8 young (8192K), 8 survivors (8192K)
 Metaspace       used 35000K, capacity 35765K, committed 35920K, reserved 1081344K
  class space    used 4452K, capacity 4781K, committed 4864K, reserved 1048576K
}
Event: 5.217 GC heap before
{Heap before GC invocations=9 (full 0):
 garbage-first heap   total 129024K, used 86356K [0x00000000a0000000, 0x0000000100000000)
  region size 1024K, 57 young (58368K), 8 survivors (8192K)
 Metaspace       used 40267K, capacity 41245K, committed 41424K, reserved 1085440K
  class space    used 5081K, capacity 5408K, committed 5504K, reserved 1048576K
}
Event: 5.229 GC heap after
{Heap after GC invocations=10 (full 0):
 garbage-first heap   total 155648K, used 38422K [0x00000000a0000000, 0x0000000100000000)
  region size 1024K, 4 young (4096K), 4 survivors (4096K)
 Metaspace       used 40267K, capacity 41245K, committed 41424K, reserved 1085440K
  class space    used 5081K, capacity 5408K, committed 5504K, reserved 1048576K
}
Event: 7.068 GC heap before
{Heap before GC invocations=10 (full 0):
 garbage-first heap   total 155648K, used 96790K [0x00000000a0000000, 0x0000000100000000)
  region size 1024K, 61 young (62464K), 4 survivors (4096K)
 Metaspace       used 44080K, capacity 45231K, committed 45392K, reserved 1089536K
  class space    used 5662K, capacity 6072K, committed 6144K, reserved 1048576K
}
Event: 7.078 GC heap after
{Heap after GC invocations=11 (full 0):
 garbage-first heap   total 155648K, used 42496K [0x00000000a0000000, 0x0000000100000000)
  region size 1024K, 8 young (8192K), 8 survivors (8192K)
 Metaspace       used 44080K, capacity 45231K, committed 45392K, reserved 1089536K
  class space    used 5662K, capacity 6072K, committed 6144K, reserved 1048576K
}
Event: 8.391 GC heap before
{Heap before GC invocations=11 (full 0):
 garbage-first heap   total 155648K, used 107008K [0x00000000a0000000, 0x0000000100000000)
  region size 1024K, 66 young (67584K), 8 survivors (8192K)
 Metaspace       used 46967K, capacity 48323K, committed 48592K, reserved 1091584K
  class space    used 6031K, capacity 6477K, committed 6528K, reserved 1048576K
}
Event: 8.407 GC heap after
{Heap after GC invocations=12 (full 0):
 garbage-first heap   total 155648K, used 56049K [0x00000000a0000000, 0x0000000100000000)
  region size 1024K, 9 young (9216K), 9 survivors (9216K)
 Metaspace       used 46967K, capacity 48323K, committed 48592K, reserved 1091584K
  class space    used 6031K, capacity 6477K, committed 6528K, reserved 1048576K
}

